    Checking ranvier-http v0.7.0 (F:\project\ranvier\ranvier-workspace\ranvier\http)
warning: unused imports: `Response` and `header::CONTENT_TYPE`
 --> http\src\sse.rs:2:12
  |
2 | use http::{header::CONTENT_TYPE, Response};
  |            ^^^^^^^^^^^^^^^^^^^^  ^^^^^^^^
  |
  = note: `#[warn(unused_imports)]` (part of `#[warn(unused)]`) on by default

warning: unused imports: `BodyExt` and `StreamBody`
 --> http\src\sse.rs:3:22
  |
3 | use http_body_util::{StreamBody, BodyExt};
  |                      ^^^^^^^^^^  ^^^^^^^

warning: unused import: `StreamExt`
 --> http\src\sse.rs:7:36
  |
7 | use futures_util::stream::{Stream, StreamExt};
  |                                    ^^^^^^^^^

error: future cannot be shared between threads safely
   --> http\src\sse.rs:166:5
    |
166 | /     async_stream::stream! {
167 | |         while let Some(event) = source.next_event().await {
168 | |             yield Ok(mapper(event));
169 | |         }
170 | |     }
    | |_____^ future created by async block is not `Sync`
    |
    = help: the trait `Sync` is not implemented for `dyn futures_util::Future<Output = std::option::Option<E>> + std::marker::Send`
note: future is not `Sync` as it awaits another future which is not `Sync`
   --> http\src\sse.rs:167:33
    |
167 |         while let Some(event) = source.next_event().await {
    |                                 ^^^^^^^^^^^^^^^^^^^ await occurs here on type `Pin<Box<dyn futures_util::Future<Output = std::option::Option<E>> + std::marker::Send>>`, which is not `Sync`
note: required by a bound in an opaque type
   --> http\src\sse.rs:160:126
    |
160 | pub fn from_event_source<E, S, F>(mut source: S, mut mapper: F) -> impl Stream<Item = Result<SseEvent, Infallible>> + Send + Sync
    |                                                                                                                              ^^^^
    = note: this error originates in the macro `async_stream::stream` (in Nightly builds, run with -Z macro-backtrace for more info)

error: future cannot be shared between threads safely
   --> http\src\sse.rs:160:68
    |
160 | pub fn from_event_source<E, S, F>(mut source: S, mut mapper: F) -> impl Stream<Item = Result<SseEvent, Infallible>> + Send + Sync
    |                                                                    ^^^^^^^^^^^^^^^^^^^^^^^^^^^^^^^^^^^^^^^^^^^^^^^^^^^^^^^^^^^^^^ future created by async block is not `Sync`
    |
    = help: the trait `Sync` is not implemented for `dyn futures_util::Future<Output = std::option::Option<E>> + std::marker::Send`
note: future is not `Sync` as it awaits another future which is not `Sync`
   --> http\src\sse.rs:167:33
    |
167 |         while let Some(event) = source.next_event().await {
    |                                 ^^^^^^^^^^^^^^^^^^^ await occurs here on type `Pin<Box<dyn futures_util::Future<Output = std::option::Option<E>> + std::marker::Send>>`, which is not `Sync`

warning: `ranvier-http` (lib) generated 3 warnings
error: could not compile `ranvier-http` (lib) due to 2 previous errors; 3 warnings emitted
