warning: use of deprecated trait `static_gen::StaticNode`: Legacy trait kept for backward compatibility. Use StaticAxon instead.
  --> core\src\lib.rs:17:71
   |
17 |     StaticAxon, StaticBuildConfig, StaticBuildResult, StaticManifest, StaticNode, StaticStateEntry,
   |                                                                       ^^^^^^^^^^
   |
   = note: `#[warn(deprecated)]` on by default

warning: use of deprecated function `static_gen::read_json_file`: Internal API
  --> core\src\lib.rs:18:5
   |
18 |     read_json_file, write_json_file,
   |     ^^^^^^^^^^^^^^

warning: use of deprecated function `static_gen::write_json_file`: Internal API
  --> core\src\lib.rs:18:21
   |
18 |     read_json_file, write_json_file,
   |                     ^^^^^^^^^^^^^^^

warning: `ranvier-core` (lib) generated 3 warnings
warning: use of deprecated struct `ingress::RawIngressService`: Internal service type
    --> http\src\ingress.rs:1951:40
     |
1951 | impl<R> Service<Request<Incoming>> for RawIngressService<R>
     |                                        ^^^^^^^^^^^^^^^^^
     |
     = note: `#[warn(deprecated)]` on by default

warning: use of deprecated struct `ingress::RawIngressService`: Internal service type
    --> http\src\ingress.rs:1451:52
     |
1451 |     pub fn into_raw_service(self, resources: R) -> RawIngressService<R> {
     |                                                    ^^^^^^^^^^^^^^^^^

warning: use of deprecated struct `ingress::RawIngressService`: Internal service type
    --> http\src\ingress.rs:1459:9
     |
1459 |         RawIngressService {
     |         ^^^^^^^^^^^^^^^^^

warning: use of deprecated struct `ingress::RawIngressService`: Internal service type
  --> http\src\test_harness.rs:11:35
   |
11 | use crate::ingress::{HttpIngress, RawIngressService};
   |                                   ^^^^^^^^^^^^^^^^^

warning: use of deprecated struct `ingress::RawIngressService`: Internal service type
  --> http\src\test_harness.rs:43:14
   |
43 |     service: RawIngressService<R>,
   |              ^^^^^^^^^^^^^^^^^

warning: use of deprecated field `ingress::RawIngressService::routes`: Internal service type
    --> http\src\ingress.rs:1460:13
     |
1460 |             routes,
     |             ^^^^^^

warning: use of deprecated field `ingress::RawIngressService::fallback`: Internal service type
    --> http\src\ingress.rs:1461:13
     |
1461 |             fallback,
     |             ^^^^^^^^

warning: use of deprecated field `ingress::RawIngressService::layers`: Internal service type
    --> http\src\ingress.rs:1462:13
     |
1462 |             layers,
     |             ^^^^^^

warning: use of deprecated field `ingress::RawIngressService::health`: Internal service type
    --> http\src\ingress.rs:1463:13
     |
1463 |             health,
     |             ^^^^^^

warning: use of deprecated field `ingress::RawIngressService::static_assets`: Internal service type
    --> http\src\ingress.rs:1464:13
     |
1464 |             static_assets,
     |             ^^^^^^^^^^^^^

warning: use of deprecated field `ingress::RawIngressService::resources`: Internal service type
    --> http\src\ingress.rs:1465:13
     |
1465 |             resources,
     |             ^^^^^^^^^

warning: use of deprecated field `ingress::RawIngressService::routes`: Internal service type
    --> http\src\ingress.rs:1967:22
     |
1967 |         let routes = self.routes.clone();
     |                      ^^^^^^^^^^^

warning: use of deprecated field `ingress::RawIngressService::fallback`: Internal service type
    --> http\src\ingress.rs:1968:24
     |
1968 |         let fallback = self.fallback.clone();
     |                        ^^^^^^^^^^^^^

warning: use of deprecated field `ingress::RawIngressService::layers`: Internal service type
    --> http\src\ingress.rs:1969:22
     |
1969 |         let layers = self.layers.clone();
     |                      ^^^^^^^^^^^

warning: use of deprecated field `ingress::RawIngressService::health`: Internal service type
    --> http\src\ingress.rs:1970:22
     |
1970 |         let health = self.health.clone();
     |                      ^^^^^^^^^^^

warning: use of deprecated field `ingress::RawIngressService::static_assets`: Internal service type
    --> http\src\ingress.rs:1971:29
     |
1971 |         let static_assets = self.static_assets.clone();
     |                             ^^^^^^^^^^^^^^^^^^

warning: use of deprecated field `ingress::RawIngressService::resources`: Internal service type
    --> http\src\ingress.rs:1972:25
     |
1972 |         let resources = self.resources.clone();
     |                         ^^^^^^^^^^^^^^

warning: unused variable: `cookie`
   --> extensions\session\src\layer.rs:136:21
    |
136 |                 let cookie = format!("{}=path=/; HttpOnly; SameSite=Lax", current_id);
    |                     ^^^^^^ help: if this is intentional, prefix it with an underscore: `_cookie`
    |
    = note: `#[warn(unused_variables)]` (part of `#[warn(unused)]`) on by default

warning: `ranvier-http` (lib) generated 17 warnings
warning: `ranvier-session` (lib) generated 1 warning (run `cargo fix --lib -p ranvier-session` to apply 1 suggestion)
    Checking session-demo v0.7.0 (F:\project\ranvier\ranvier-workspace\ranvier\examples\session-demo)
error[E0432]: unresolved import `http_body_util`
 --> examples\session-demo\src\main.rs:8:5
  |
8 | use http_body_util::Full;
  |     ^^^^^^^^^^^^^^ use of unresolved module or unlinked crate `http_body_util`
  |
  = help: if you wanted to use a crate named `http_body_util`, use `cargo add http_body_util` to add it to your `Cargo.toml`

error[E0433]: failed to resolve: could not find `async_trait` in the list of imported crates
  --> examples\session-demo\src\main.rs:20:1
   |
20 | #[transition]
   | ^^^^^^^^^^^^^ could not find `async_trait` in the list of imported crates
   |
   = note: this error originates in the attribute macro `transition` (in Nightly builds, run with -Z macro-backtrace for more info)

error[E0433]: failed to resolve: could not find `async_trait` in the list of imported crates
  --> examples\session-demo\src\main.rs:57:1
   |
57 | #[transition]
   | ^^^^^^^^^^^^^ could not find `async_trait` in the list of imported crates
   |
   = note: this error originates in the attribute macro `transition` (in Nightly builds, run with -Z macro-backtrace for more info)

error[E0433]: failed to resolve: use of unresolved module or unlinked crate `chrono`
  --> examples\session-demo\src\main.rs:35:33
   |
35 |             info.last_visited = chrono::Utc::now().to_rfc3339();
   |                                 ^^^^^^ use of unresolved module or unlinked crate `chrono`
   |
   = help: if you wanted to use a crate named `chrono`, use `cargo add chrono` to add it to your `Cargo.toml`

error[E0433]: failed to resolve: use of unresolved module or unlinked crate `http`
   --> examples\session-demo\src\main.rs:109:34
    |
109 |         .route_method_with_error(http::Method::GET, "/", visit_axon, handle_error)
    |                                  ^^^^ use of unresolved module or unlinked crate `http`
    |
    = help: if you wanted to use a crate named `http`, use `cargo add http` to add it to your `Cargo.toml`

error[E0433]: failed to resolve: use of unresolved module or unlinked crate `http`
   --> examples\session-demo\src\main.rs:110:34
    |
110 |         .route_method_with_error(http::Method::GET, "/reset", reset_axon, handle_error);
    |                                  ^^^^ use of unresolved module or unlinked crate `http`
    |
    = help: if you wanted to use a crate named `http`, use `cargo add http` to add it to your `Cargo.toml`

error[E0425]: cannot find type `Response` in this scope
  --> examples\session-demo\src\main.rs:68:35
   |
68 | fn format_success(msg: String) -> Response<Full<Bytes>> {
   |                                   ^^^^^^^^ not found in this scope

error[E0425]: cannot find type `Response` in this scope
  --> examples\session-demo\src\main.rs:76:41
   |
76 | fn handle_error(err: &anyhow::Error) -> Response<Full<Bytes>> {
   |                                         ^^^^^^^^ not found in this scope

warning: unused import: `std::time::Duration`
 --> examples\session-demo\src\main.rs:9:5
  |
9 | use std::time::Duration;
  |     ^^^^^^^^^^^^^^^^^^^
  |
  = note: `#[warn(unused_imports)]` (part of `#[warn(unused)]`) on by default

error[E0195]: lifetime parameters or bounds on method `run` do not match the trait declaration
   --> examples\session-demo\src\main.rs:20:14
    |
 20 |   #[transition]
    |                ^ lifetimes do not match method in trait
    |
   ::: F:\project\ranvier\ranvier-workspace\ranvier\core\src\transition.rs:121:5
    |
121 | /     async fn run(
122 | |         &self,
123 | |         state: From,
124 | |         resources: &Self::Resources,
125 | |         bus: &mut Bus,
126 | |     ) -> Outcome<To, Self::Error>;
    | |__________________________________- lifetimes in impl do not match this method in trait
    |
    = note: this error originates in the attribute macro `transition` (in Nightly builds, run with -Z macro-backtrace for more info)

error[E0195]: lifetime parameters or bounds on method `run` do not match the trait declaration
   --> examples\session-demo\src\main.rs:57:14
    |
 57 |   #[transition]
    |                ^ lifetimes do not match method in trait
    |
   ::: F:\project\ranvier\ranvier-workspace\ranvier\core\src\transition.rs:121:5
    |
121 | /     async fn run(
122 | |         &self,
123 | |         state: From,
124 | |         resources: &Self::Resources,
125 | |         bus: &mut Bus,
126 | |     ) -> Outcome<To, Self::Error>;
    | |__________________________________- lifetimes in impl do not match this method in trait
    |
    = note: this error originates in the attribute macro `transition` (in Nightly builds, run with -Z macro-backtrace for more info)

error[E0433]: failed to resolve: use of undeclared type `Response`
  --> examples\session-demo\src\main.rs:69:5
   |
69 |     Response::builder()
   |     ^^^^^^^^ use of undeclared type `Response`

error[E0433]: failed to resolve: use of undeclared type `Response`
  --> examples\session-demo\src\main.rs:77:5
   |
77 |     Response::builder()
   |     ^^^^^^^^ use of undeclared type `Response`

error[E0599]: no function or associated item named `new` found for struct `Axon<(), std::string::String, anyhow::Error>` in the current scope
  --> examples\session-demo\src\main.rs:95:61
   |
95 |     let visit_axon = Axon::<(), String, anyhow::Error, ()>::new("VisitCounter")
   |                                                             ^^^ function or associated item not found in `Axon<(), std::string::String, anyhow::Error>`
   |
   = note: the function or associated item was found for
           - `Axon<In, In, E, Res>`

error[E0599]: no function or associated item named `new` found for struct `Axon<(), std::string::String, anyhow::Error>` in the current scope
  --> examples\session-demo\src\main.rs:98:61
   |
98 |     let reset_axon = Axon::<(), String, anyhow::Error, ()>::new("ResetSession")
   |                                                             ^^^ function or associated item not found in `Axon<(), std::string::String, anyhow::Error>`
   |
   = note: the function or associated item was found for
           - `Axon<In, In, E, Res>`

Some errors have detailed explanations: E0195, E0425, E0432, E0433, E0599.
For more information about an error, try `rustc --explain E0195`.
warning: `session-demo` (bin "session-demo") generated 1 warning
error: could not compile `session-demo` (bin "session-demo") due to 14 previous errors; 1 warning emitted
