    Checking num-traits v0.2.19
    Checking tokio-util v0.7.18
    Checking h2 v0.4.13
    Checking async-compression v0.4.37
    Checking hdrhistogram v7.5.4
    Checking chrono v0.4.43
    Checking tower v0.5.3
    Checking tower-http v0.5.2
    Checking ranvier-core v0.7.0 (F:\project\ranvier\ranvier-workspace\ranvier\core)
warning: use of deprecated trait `static_gen::StaticNode`: Legacy trait kept for backward compatibility. Use StaticAxon instead.
  --> core\src\lib.rs:17:71
   |
17 |     StaticAxon, StaticBuildConfig, StaticBuildResult, StaticManifest, StaticNode, StaticStateEntry,
   |                                                                       ^^^^^^^^^^
   |
   = note: `#[warn(deprecated)]` on by default

warning: use of deprecated function `static_gen::read_json_file`: Internal API
  --> core\src\lib.rs:18:5
   |
18 |     read_json_file, write_json_file,
   |     ^^^^^^^^^^^^^^

warning: use of deprecated function `static_gen::write_json_file`: Internal API
  --> core\src\lib.rs:18:21
   |
18 |     read_json_file, write_json_file,
   |                     ^^^^^^^^^^^^^^^

warning: `ranvier-core` (lib) generated 3 warnings
    Checking hyper v1.8.1
    Checking hyper-util v0.1.19
    Checking axum v0.7.9
    Checking ranvier-inspector v0.7.0 (F:\project\ranvier\ranvier-workspace\ranvier\extensions\inspector)
    Checking ranvier-runtime v0.7.0 (F:\project\ranvier\ranvier-workspace\ranvier\runtime)
    Checking ranvier-session v0.7.0 (F:\project\ranvier\ranvier-workspace\ranvier\extensions\session)
    Checking ranvier-http v0.7.0 (F:\project\ranvier\ranvier-workspace\ranvier\http)
warning: use of deprecated struct `ingress::RawIngressService`: Internal service type
    --> http\src\ingress.rs:1951:40
     |
1951 | impl<R> Service<Request<Incoming>> for RawIngressService<R>
     |                                        ^^^^^^^^^^^^^^^^^
     |
     = note: `#[warn(deprecated)]` on by default

warning: use of deprecated struct `ingress::RawIngressService`: Internal service type
    --> http\src\ingress.rs:1451:52
     |
1451 |     pub fn into_raw_service(self, resources: R) -> RawIngressService<R> {
     |                                                    ^^^^^^^^^^^^^^^^^

warning: use of deprecated struct `ingress::RawIngressService`: Internal service type
    --> http\src\ingress.rs:1459:9
     |
1459 |         RawIngressService {
     |         ^^^^^^^^^^^^^^^^^

warning: use of deprecated struct `ingress::RawIngressService`: Internal service type
  --> http\src\test_harness.rs:11:35
   |
11 | use crate::ingress::{HttpIngress, RawIngressService};
   |                                   ^^^^^^^^^^^^^^^^^

warning: use of deprecated struct `ingress::RawIngressService`: Internal service type
  --> http\src\test_harness.rs:43:14
   |
43 |     service: RawIngressService<R>,
   |              ^^^^^^^^^^^^^^^^^

warning: unused variable: `cookie`
   --> extensions\session\src\layer.rs:136:21
    |
136 |                 let cookie = format!("{}=path=/; HttpOnly; SameSite=Lax", current_id);
    |                     ^^^^^^ help: if this is intentional, prefix it with an underscore: `_cookie`
    |
    = note: `#[warn(unused_variables)]` (part of `#[warn(unused)]`) on by default

warning: `ranvier-session` (lib) generated 1 warning (run `cargo fix --lib -p ranvier-session` to apply 1 suggestion)
warning: use of deprecated field `ingress::RawIngressService::routes`: Internal service type
    --> http\src\ingress.rs:1460:13
     |
1460 |             routes,
     |             ^^^^^^

warning: use of deprecated field `ingress::RawIngressService::fallback`: Internal service type
    --> http\src\ingress.rs:1461:13
     |
1461 |             fallback,
     |             ^^^^^^^^

warning: use of deprecated field `ingress::RawIngressService::layers`: Internal service type
    --> http\src\ingress.rs:1462:13
     |
1462 |             layers,
     |             ^^^^^^

warning: use of deprecated field `ingress::RawIngressService::health`: Internal service type
    --> http\src\ingress.rs:1463:13
     |
1463 |             health,
     |             ^^^^^^

warning: use of deprecated field `ingress::RawIngressService::static_assets`: Internal service type
    --> http\src\ingress.rs:1464:13
     |
1464 |             static_assets,
     |             ^^^^^^^^^^^^^

warning: use of deprecated field `ingress::RawIngressService::resources`: Internal service type
    --> http\src\ingress.rs:1465:13
     |
1465 |             resources,
     |             ^^^^^^^^^

warning: use of deprecated field `ingress::RawIngressService::routes`: Internal service type
    --> http\src\ingress.rs:1967:22
     |
1967 |         let routes = self.routes.clone();
     |                      ^^^^^^^^^^^

warning: use of deprecated field `ingress::RawIngressService::fallback`: Internal service type
    --> http\src\ingress.rs:1968:24
     |
1968 |         let fallback = self.fallback.clone();
     |                        ^^^^^^^^^^^^^

warning: use of deprecated field `ingress::RawIngressService::layers`: Internal service type
    --> http\src\ingress.rs:1969:22
     |
1969 |         let layers = self.layers.clone();
     |                      ^^^^^^^^^^^

warning: use of deprecated field `ingress::RawIngressService::health`: Internal service type
    --> http\src\ingress.rs:1970:22
     |
1970 |         let health = self.health.clone();
     |                      ^^^^^^^^^^^

warning: use of deprecated field `ingress::RawIngressService::static_assets`: Internal service type
    --> http\src\ingress.rs:1971:29
     |
1971 |         let static_assets = self.static_assets.clone();
     |                             ^^^^^^^^^^^^^^^^^^

warning: use of deprecated field `ingress::RawIngressService::resources`: Internal service type
    --> http\src\ingress.rs:1972:25
     |
1972 |         let resources = self.resources.clone();
     |                         ^^^^^^^^^^^^^^

warning: `ranvier-http` (lib) generated 17 warnings
    Checking session-demo v0.7.0 (F:\project\ranvier\ranvier-workspace\ranvier\examples\session-demo)
error[E0433]: failed to resolve: use of unresolved module or unlinked crate `serde`
  --> examples\session-demo\src\main.rs:11:10
   |
11 | #[derive(serde::Serialize, serde::Deserialize, Debug)]
   |          ^^^^^ use of unresolved module or unlinked crate `serde`

error[E0433]: failed to resolve: use of unresolved module or unlinked crate `serde`
  --> examples\session-demo\src\main.rs:11:28
   |
11 | #[derive(serde::Serialize, serde::Deserialize, Debug)]
   |                            ^^^^^ use of unresolved module or unlinked crate `serde`

error[E0433]: failed to resolve: could not find `async_trait` in the list of imported crates
  --> examples\session-demo\src\main.rs:18:1
   |
18 | #[transition]
   | ^^^^^^^^^^^^^ could not find `async_trait` in the list of imported crates
   |
   = note: this error originates in the attribute macro `transition` (in Nightly builds, run with -Z macro-backtrace for more info)

error[E0433]: failed to resolve: could not find `async_trait` in the list of imported crates
  --> examples\session-demo\src\main.rs:55:1
   |
55 | #[transition]
   | ^^^^^^^^^^^^^ could not find `async_trait` in the list of imported crates
   |
   = note: this error originates in the attribute macro `transition` (in Nightly builds, run with -Z macro-backtrace for more info)

error[E0433]: failed to resolve: use of unresolved module or unlinked crate `chrono`
  --> examples\session-demo\src\main.rs:33:33
   |
33 |             info.last_visited = chrono::Utc::now().to_rfc3339();
   |                                 ^^^^^^ use of unresolved module or unlinked crate `chrono`
   |
   = help: if you wanted to use a crate named `chrono`, use `cargo add chrono` to add it to your `Cargo.toml`

error[E0433]: failed to resolve: use of unresolved module or unlinked crate `http`
   --> examples\session-demo\src\main.rs:107:34
    |
107 |         .route_method_with_error(http::Method::GET, "/", visit_axon, handle_error)
    |                                  ^^^^ use of unresolved module or unlinked crate `http`
    |
    = help: if you wanted to use a crate named `http`, use `cargo add http` to add it to your `Cargo.toml`

error[E0433]: failed to resolve: use of unresolved module or unlinked crate `http`
   --> examples\session-demo\src\main.rs:108:34
    |
108 |         .route_method_with_error(http::Method::GET, "/reset", reset_axon, handle_error);
    |                                  ^^^^ use of unresolved module or unlinked crate `http`
    |
    = help: if you wanted to use a crate named `http`, use `cargo add http` to add it to your `Cargo.toml`

error[E0433]: failed to resolve: use of unresolved module or unlinked crate `tokio_util`
   --> examples\session-demo\src\main.rs:110:26
    |
110 |     let shutdown_token = tokio_util::sync::CancellationToken::new();
    |                          ^^^^^^^^^^ use of unresolved module or unlinked crate `tokio_util`
    |
    = help: if you wanted to use a crate named `tokio_util`, use `cargo add tokio_util` to add it to your `Cargo.toml`

error[E0425]: cannot find type `Response` in this scope
  --> examples\session-demo\src\main.rs:66:35
   |
66 | fn format_success(msg: String) -> Response<Full<bytes::Bytes>> {
   |                                   ^^^^^^^^ not found in this scope

error[E0425]: cannot find type `Full` in this scope
  --> examples\session-demo\src\main.rs:66:44
   |
66 | fn format_success(msg: String) -> Response<Full<bytes::Bytes>> {
   |                                            ^^^^ not found in this scope
   |
help: consider importing this struct
   |
 1 + use tracing_subscriber::fmt::format::Full;
   |

error[E0433]: failed to resolve: use of undeclared type `Full`
  --> examples\session-demo\src\main.rs:70:15
   |
70 |         .body(Full::new(bytes::Bytes::from(msg)))
   |               ^^^^ use of undeclared type `Full`
   |
help: consider importing this struct
   |
 1 + use tracing_subscriber::fmt::format::Full;
   |

error[E0433]: failed to resolve: use of unresolved module or unlinked crate `bytes`
  --> examples\session-demo\src\main.rs:70:25
   |
70 |         .body(Full::new(bytes::Bytes::from(msg)))
   |                         ^^^^^ use of unresolved module or unlinked crate `bytes`
   |
   = help: if you wanted to use a crate named `bytes`, use `cargo add bytes` to add it to your `Cargo.toml`
help: consider importing one of these structs
   |
 1 + use std::io::Bytes;
   |
 1 + use std::str::Bytes;
   |
help: if you import `Bytes`, refer to it directly
   |
70 -         .body(Full::new(bytes::Bytes::from(msg)))
70 +         .body(Full::new(Bytes::from(msg)))
   |

error[E0425]: cannot find type `Response` in this scope
  --> examples\session-demo\src\main.rs:74:41
   |
74 | fn handle_error(err: &anyhow::Error) -> Response<Full<bytes::Bytes>> {
   |                                         ^^^^^^^^ not found in this scope

error[E0425]: cannot find type `Full` in this scope
  --> examples\session-demo\src\main.rs:74:50
   |
74 | fn handle_error(err: &anyhow::Error) -> Response<Full<bytes::Bytes>> {
   |                                                  ^^^^ not found in this scope
   |
help: consider importing this struct
   |
 1 + use tracing_subscriber::fmt::format::Full;
   |

error[E0433]: failed to resolve: use of undeclared type `Full`
  --> examples\session-demo\src\main.rs:77:15
   |
77 |         .body(Full::new(bytes::Bytes::from(format!("Internal Error: {}", err))))
   |               ^^^^ use of undeclared type `Full`
   |
help: consider importing this struct
   |
 1 + use tracing_subscriber::fmt::format::Full;
   |

error[E0433]: failed to resolve: use of unresolved module or unlinked crate `bytes`
  --> examples\session-demo\src\main.rs:77:25
   |
77 |         .body(Full::new(bytes::Bytes::from(format!("Internal Error: {}", err))))
   |                         ^^^^^ use of unresolved module or unlinked crate `bytes`
   |
   = help: if you wanted to use a crate named `bytes`, use `cargo add bytes` to add it to your `Cargo.toml`
help: consider importing one of these structs
   |
 1 + use std::io::Bytes;
   |
 1 + use std::str::Bytes;
   |
help: if you import `Bytes`, refer to it directly
   |
77 -         .body(Full::new(bytes::Bytes::from(format!("Internal Error: {}", err))))
77 +         .body(Full::new(Bytes::from(format!("Internal Error: {}", err))))
   |

warning: unused import: `std::time::Duration`
 --> examples\session-demo\src\main.rs:7:5
  |
7 | use std::time::Duration;
  |     ^^^^^^^^^^^^^^^^^^^
  |
  = note: `#[warn(unused_imports)]` (part of `#[warn(unused)]`) on by default

error[E0195]: lifetime parameters or bounds on method `run` do not match the trait declaration
   --> examples\session-demo\src\main.rs:18:14
    |
 18 |   #[transition]
    |                ^ lifetimes do not match method in trait
    |
   ::: F:\project\ranvier\ranvier-workspace\ranvier\core\src\transition.rs:121:5
    |
121 | /     async fn run(
122 | |         &self,
123 | |         state: From,
124 | |         resources: &Self::Resources,
125 | |         bus: &mut Bus,
126 | |     ) -> Outcome<To, Self::Error>;
    | |__________________________________- lifetimes in impl do not match this method in trait
    |
    = note: this error originates in the attribute macro `transition` (in Nightly builds, run with -Z macro-backtrace for more info)

error[E0195]: lifetime parameters or bounds on method `run` do not match the trait declaration
   --> examples\session-demo\src\main.rs:55:14
    |
 55 |   #[transition]
    |                ^ lifetimes do not match method in trait
    |
   ::: F:\project\ranvier\ranvier-workspace\ranvier\core\src\transition.rs:121:5
    |
121 | /     async fn run(
122 | |         &self,
123 | |         state: From,
124 | |         resources: &Self::Resources,
125 | |         bus: &mut Bus,
126 | |     ) -> Outcome<To, Self::Error>;
    | |__________________________________- lifetimes in impl do not match this method in trait
    |
    = note: this error originates in the attribute macro `transition` (in Nightly builds, run with -Z macro-backtrace for more info)

error[E0277]: the trait bound `VisitorInfo: serde::de::DeserializeOwned` is not satisfied
  --> examples\session-demo\src\main.rs:27:18
   |
27 |                 .get("visitor_info")
   |                  ^^^ unsatisfied trait bound
   |
help: the trait `for<'de> serde_core::de::Deserialize<'de>` is not implemented for `VisitorInfo`
  --> examples\session-demo\src\main.rs:12:1
   |
12 | struct VisitorInfo {
   | ^^^^^^^^^^^^^^^^^^
   = help: the following other types implement trait `serde_core::de::Deserialize<'de>`:
             &'a [u8]
             &'a serde_json::raw::RawValue
             &'a std::path::Path
             &'a str
             ()
             (T,)
             (T0, T1)
             (T0, T1, T2)
           and 174 others
   = note: required for `VisitorInfo` to implement `serde_core::de::DeserializeOwned`
note: required by a bound in `ranvier_session::Session::get`
  --> F:\project\ranvier\ranvier-workspace\ranvier\extensions\session\src\store.rs:53:25
   |
53 |     pub async fn get<T: DeserializeOwned>(&self, key: &str) -> Option<Result<T, serde_json::Error>> {
   |                         ^^^^^^^^^^^^^^^^ required by this bound in `Session::get`

error[E0277]: the trait bound `VisitorInfo: serde::Serialize` is not satisfied
  --> examples\session-demo\src\main.rs:36:61
   |
36 |             if let Err(e) = session.insert("visitor_info", &info).await {
   |                                     ------                  ^^^^ unsatisfied trait bound
   |                                     |
   |                                     required by a bound introduced by this call
   |
help: the trait `serde_core::ser::Serialize` is not implemented for `VisitorInfo`
  --> examples\session-demo\src\main.rs:12:1
   |
12 | struct VisitorInfo {
   | ^^^^^^^^^^^^^^^^^^
   = note: for local types consider adding `#[derive(serde::Serialize)]` to your `VisitorInfo` type
   = note: for types from other crates check whether the crate offers a `serde` feature flag
   = help: the following other types implement trait `serde_core::ser::Serialize`:
             &'a T
             &'a mut T
             ()
             (T,)
             (T0, T1)
             (T0, T1, T2)
             (T0, T1, T2, T3)
             (T0, T1, T2, T3, T4)
           and 164 others
   = note: required for `&VisitorInfo` to implement `serde_core::ser::Serialize`
note: required by a bound in `ranvier_session::Session::insert`
  --> F:\project\ranvier\ranvier-workspace\ranvier\extensions\session\src\store.rs:44:28
   |
44 |     pub async fn insert<T: Serialize>(&self, key: &str, value: T) -> Result<(), serde_json::Error> {
   |                            ^^^^^^^^^ required by this bound in `Session::insert`

error[E0277]: the trait bound `VisitorInfo: serde::Serialize` is not satisfied
  --> examples\session-demo\src\main.rs:36:29
   |
36 |             if let Err(e) = session.insert("visitor_info", &info).await {
   |                             ^^^^^^^^^^^^^^^^^^^^^^^^^^^^^^^^^^^^^ unsatisfied trait bound
   |
help: the trait `serde_core::ser::Serialize` is not implemented for `VisitorInfo`
  --> examples\session-demo\src\main.rs:12:1
   |
12 | struct VisitorInfo {
   | ^^^^^^^^^^^^^^^^^^
   = note: for local types consider adding `#[derive(serde::Serialize)]` to your `VisitorInfo` type
   = note: for types from other crates check whether the crate offers a `serde` feature flag
   = help: the following other types implement trait `serde_core::ser::Serialize`:
             &'a T
             &'a mut T
             ()
             (T,)
             (T0, T1)
             (T0, T1, T2)
             (T0, T1, T2, T3)
             (T0, T1, T2, T3, T4)
           and 164 others
   = note: required for `&VisitorInfo` to implement `serde_core::ser::Serialize`
note: required by a bound in `ranvier_session::Session::insert`
  --> F:\project\ranvier\ranvier-workspace\ranvier\extensions\session\src\store.rs:44:28
   |
44 |     pub async fn insert<T: Serialize>(&self, key: &str, value: T) -> Result<(), serde_json::Error> {
   |                            ^^^^^^^^^ required by this bound in `Session::insert`

error[E0277]: the trait bound `VisitorInfo: serde::Serialize` is not satisfied
  --> examples\session-demo\src\main.rs:36:67
   |
36 |             if let Err(e) = session.insert("visitor_info", &info).await {
   |                                                                   ^^^^^ unsatisfied trait bound
   |
help: the trait `serde_core::ser::Serialize` is not implemented for `VisitorInfo`
  --> examples\session-demo\src\main.rs:12:1
   |
12 | struct VisitorInfo {
   | ^^^^^^^^^^^^^^^^^^
   = note: for local types consider adding `#[derive(serde::Serialize)]` to your `VisitorInfo` type
   = note: for types from other crates check whether the crate offers a `serde` feature flag
   = help: the following other types implement trait `serde_core::ser::Serialize`:
             &'a T
             &'a mut T
             ()
             (T,)
             (T0, T1)
             (T0, T1, T2)
             (T0, T1, T2, T3)
             (T0, T1, T2, T3, T4)
           and 164 others
   = note: required for `&VisitorInfo` to implement `serde_core::ser::Serialize`
note: required by a bound in `ranvier_session::Session::insert`
  --> F:\project\ranvier\ranvier-workspace\ranvier\extensions\session\src\store.rs:44:28
   |
44 |     pub async fn insert<T: Serialize>(&self, key: &str, value: T) -> Result<(), serde_json::Error> {
   |                            ^^^^^^^^^ required by this bound in `Session::insert`

error[E0433]: failed to resolve: use of undeclared type `Response`
  --> examples\session-demo\src\main.rs:67:5
   |
67 |     Response::builder()
   |     ^^^^^^^^ use of undeclared type `Response`

error[E0433]: failed to resolve: use of undeclared type `Response`
  --> examples\session-demo\src\main.rs:75:5
   |
75 |     Response::builder()
   |     ^^^^^^^^ use of undeclared type `Response`

error[E0599]: no function or associated item named `new` found for struct `Axon<(), String, anyhow::Error>` in the current scope
  --> examples\session-demo\src\main.rs:93:57
   |
93 |     let visit_axon = Axon::<(), String, anyhow::Error>::new("VisitCounter")
   |                                                         ^^^ function or associated item not found in `Axon<(), String, anyhow::Error>`
   |
   = note: the function or associated item was found for
           - `Axon<In, In, E, Res>`

error[E0599]: no function or associated item named `new` found for struct `Axon<(), String, anyhow::Error>` in the current scope
  --> examples\session-demo\src\main.rs:96:57
   |
96 |     let reset_axon = Axon::<(), String, anyhow::Error>::new("ResetSession")
   |                                                         ^^^ function or associated item not found in `Axon<(), String, anyhow::Error>`
   |
   = note: the function or associated item was found for
           - `Axon<In, In, E, Res>`

error[E0599]: no method named `serve_with_graceful_shutdown` found for struct `HttpIngress<R>` in the current scope
   --> examples\session-demo\src\main.rs:120:13
    |
120 |     ingress.serve_with_graceful_shutdown(shutdown_token).await?;
    |             ^^^^^^^^^^^^^^^^^^^^^^^^^^^^
    |
help: there is a method `graceful_shutdown` with a similar name
    |
120 -     ingress.serve_with_graceful_shutdown(shutdown_token).await?;
120 +     ingress.graceful_shutdown(shutdown_token).await?;
    |

error[E0433]: failed to resolve: use of unresolved module or unlinked crate `bytes`
  --> examples\session-demo\src\main.rs:66:49
   |
66 | fn format_success(msg: String) -> Response<Full<bytes::Bytes>> {
   |                                                 ^^^^^ use of unresolved module or unlinked crate `bytes`
   |
   = help: if you wanted to use a crate named `bytes`, use `cargo add bytes` to add it to your `Cargo.toml`

error[E0433]: failed to resolve: use of unresolved module or unlinked crate `bytes`
  --> examples\session-demo\src\main.rs:74:55
   |
74 | fn handle_error(err: &anyhow::Error) -> Response<Full<bytes::Bytes>> {
   |                                                       ^^^^^ use of unresolved module or unlinked crate `bytes`
   |
   = help: if you wanted to use a crate named `bytes`, use `cargo add bytes` to add it to your `Cargo.toml`

Some errors have detailed explanations: E0195, E0277, E0425, E0433, E0599.
For more information about an error, try `rustc --explain E0195`.
warning: `session-demo` (bin "session-demo") generated 1 warning
error: could not compile `session-demo` (bin "session-demo") due to 33 previous errors; 1 warning emitted
