warning: unused import: `Service`
  --> E:\project\rust-web\ranvier-workspace\ranvier\src\server.rs:17:13
   |
17 | use tower::{Service, ServiceBuilder};
   |             ^^^^^^^
   |
   = note: `#[warn(unused_imports)]` (part of `#[warn(unused)]`) on by default

warning: `ranvier` (lib) generated 1 warning (run `cargo fix --lib -p ranvier` to apply 1 suggestion)
    Checking routing-demo v0.1.0 (E:\project\rust-web\ranvier-workspace\examples\routing-demo)
warning: unused import: `ranvier::prelude::*`
 --> routing-demo\src\main.rs:1:5
  |
1 | use ranvier::prelude::*;
  |     ^^^^^^^^^^^^^^^^^^^
  |
  = note: `#[warn(unused_imports)]` (part of `#[warn(unused)]`) on by default

error[E0505]: cannot move out of `req` because it is borrowed
  --> routing-demo\src\routes\mod.rs:12:29
   |
 7 | pub async fn main_handler(req: Request<Incoming>) -> Result<Response<Full<Bytes>>, Infallible> {
   |                           --- binding `req` declared here
 8 |     let path = req.uri().path();
   |                --- borrow of `req` occurs here
...
12 |         return api::handler(req, rest).await;
   |                             ^^^  ---- borrow later used here
   |                             |
   |                             move out of `req` occurs here

For more information about this error, try `rustc --explain E0505`.
warning: `routing-demo` (bin "routing-demo") generated 1 warning
error: could not compile `routing-demo` (bin "routing-demo") due to 1 previous error; 1 warning emitted
